---------------------------------------
2021-10-19 15:51:52
Error Name: MongooseError
Error Message: Operation `products.countDocuments()` buffering timed out after 10000ms
Error Stack:
MongooseError: Operation `products.countDocuments()` buffering timed out after 10000ms
    at Timeout.<anonymous> (/Users/romantuomisto/Desktop/development/rolling-records/backend/node_modules/mongoose/lib/drivers/node-mongodb-native/collection.js:149:23)
    at listOnTimeout (internal/timers.js:554:17)
    at processTimers (internal/timers.js:497:7)
---------------------------------------
---------------------------------------
2021-10-19 15:52:21
Error Name: MongooseError
Error Message: Operation `products.countDocuments()` buffering timed out after 10000ms
Error Stack:
MongooseError: Operation `products.countDocuments()` buffering timed out after 10000ms
    at Timeout.<anonymous> (/Users/romantuomisto/Desktop/development/rolling-records/backend/node_modules/mongoose/lib/drivers/node-mongodb-native/collection.js:149:23)
    at listOnTimeout (internal/timers.js:554:17)
    at processTimers (internal/timers.js:497:7)
---------------------------------------
