---------------------------------------
2021-10-20 17:02:30
Error Name: TypeError
Error Message: Cannot read property 'unit_price' of null
Error Stack:
TypeError: Cannot read property 'unit_price' of null
    at /Users/romantuomisto/Desktop/development/rolling-records/backend/build/server/routes/cart/cart.js:47:48
    at Generator.next (<anonymous>)
    at fulfilled (/Users/romantuomisto/Desktop/development/rolling-records/backend/build/server/routes/cart/cart.js:5:58)
    at runMicrotasks (<anonymous>)
    at processTicksAndRejections (internal/process/task_queues.js:97:5)
---------------------------------------
---------------------------------------
2021-10-20 17:02:34
Error Name: TypeError
Error Message: Cannot read property 'unit_price' of null
Error Stack:
TypeError: Cannot read property 'unit_price' of null
    at /Users/romantuomisto/Desktop/development/rolling-records/backend/build/server/routes/cart/cart.js:47:48
    at Generator.next (<anonymous>)
    at fulfilled (/Users/romantuomisto/Desktop/development/rolling-records/backend/build/server/routes/cart/cart.js:5:58)
    at runMicrotasks (<anonymous>)
    at processTicksAndRejections (internal/process/task_queues.js:97:5)
---------------------------------------
---------------------------------------
2021-10-20 17:02:51
Error Name: TypeError
Error Message: Cannot read property 'unit_price' of null
Error Stack:
TypeError: Cannot read property 'unit_price' of null
    at /Users/romantuomisto/Desktop/development/rolling-records/backend/build/server/routes/cart/cart.js:47:48
    at Generator.next (<anonymous>)
    at fulfilled (/Users/romantuomisto/Desktop/development/rolling-records/backend/build/server/routes/cart/cart.js:5:58)
    at runMicrotasks (<anonymous>)
    at processTicksAndRejections (internal/process/task_queues.js:97:5)
---------------------------------------
---------------------------------------
2021-10-20 17:06:29
Error Name: TypeError
Error Message: Cannot read property 'unit_price' of null
Error Stack:
TypeError: Cannot read property 'unit_price' of null
    at /Users/romantuomisto/Desktop/development/rolling-records/backend/build/server/routes/cart/cart.js:47:48
    at Generator.next (<anonymous>)
    at fulfilled (/Users/romantuomisto/Desktop/development/rolling-records/backend/build/server/routes/cart/cart.js:5:58)
    at runMicrotasks (<anonymous>)
    at processTicksAndRejections (internal/process/task_queues.js:97:5)
---------------------------------------
