---------------------------------------
2021-11-07 14:14:09
Error Name: MongooseServerSelectionError
Error Message: Could not connect to any servers in your MongoDB Atlas cluster. One common reason is that you're trying to access the database from an IP that isn't whitelisted. Make sure your current IP address is on your Atlas cluster's IP whitelist: https://docs.atlas.mongodb.com/security-whitelist/
Error Stack:
MongooseServerSelectionError: Could not connect to any servers in your MongoDB Atlas cluster. One common reason is that you're trying to access the database from an IP that isn't whitelisted. Make sure your current IP address is on your Atlas cluster's IP whitelist: https://docs.atlas.mongodb.com/security-whitelist/
    at Function.Model.$wrapCallback (/Users/romantuomisto/Desktop/development/rolling-records/backend/node_modules/mongoose/lib/model.js:4932:32)
    at /Users/romantuomisto/Desktop/development/rolling-records/backend/node_modules/mongoose/lib/query.js:4557:21
    at /Users/romantuomisto/Desktop/development/rolling-records/backend/node_modules/mongoose/lib/helpers/promiseOrCallback.js:32:5
    at new Promise (<anonymous>)
    at promiseOrCallback (/Users/romantuomisto/Desktop/development/rolling-records/backend/node_modules/mongoose/lib/helpers/promiseOrCallback.js:31:10)
    at model.Query.exec (/Users/romantuomisto/Desktop/development/rolling-records/backend/node_modules/mongoose/lib/query.js:4556:10)
    at model.Query.Query.then (/Users/romantuomisto/Desktop/development/rolling-records/backend/node_modules/mongoose/lib/query.js:4639:15)
    at runMicrotasks (<anonymous>)
    at processTicksAndRejections (internal/process/task_queues.js:97:5)
---------------------------------------
---------------------------------------
2021-11-07 14:14:45
Error Name: MongooseServerSelectionError
Error Message: Could not connect to any servers in your MongoDB Atlas cluster. One common reason is that you're trying to access the database from an IP that isn't whitelisted. Make sure your current IP address is on your Atlas cluster's IP whitelist: https://docs.atlas.mongodb.com/security-whitelist/
Error Stack:
MongooseServerSelectionError: Could not connect to any servers in your MongoDB Atlas cluster. One common reason is that you're trying to access the database from an IP that isn't whitelisted. Make sure your current IP address is on your Atlas cluster's IP whitelist: https://docs.atlas.mongodb.com/security-whitelist/
    at Function.Model.$wrapCallback (/Users/romantuomisto/Desktop/development/rolling-records/backend/node_modules/mongoose/lib/model.js:4932:32)
    at /Users/romantuomisto/Desktop/development/rolling-records/backend/node_modules/mongoose/lib/query.js:4557:21
    at /Users/romantuomisto/Desktop/development/rolling-records/backend/node_modules/mongoose/lib/helpers/promiseOrCallback.js:32:5
    at new Promise (<anonymous>)
    at promiseOrCallback (/Users/romantuomisto/Desktop/development/rolling-records/backend/node_modules/mongoose/lib/helpers/promiseOrCallback.js:31:10)
    at model.Query.exec (/Users/romantuomisto/Desktop/development/rolling-records/backend/node_modules/mongoose/lib/query.js:4556:10)
    at model.Query.Query.then (/Users/romantuomisto/Desktop/development/rolling-records/backend/node_modules/mongoose/lib/query.js:4639:15)
    at processTicksAndRejections (internal/process/task_queues.js:97:5)
---------------------------------------
